# JRE version: OpenJDK Runtime Environment Temurin-17.0.15+6 (17.0.15+6) (build 17.0.15+6)
# Java VM: OpenJDK 64-Bit Server VM Temurin-17.0.15+6 (17.0.15+6, mixed mode, sharing, tiered, compressed oops, compressed class ptrs, g1 gc, windows-amd64)
GC Precious Log:
 CPUs: 16 total, 16 available
 Memory: 31861M
 Large Page Support: Disabled
 NUMA Support: Disabled
 Compressed Oops: Enabled (Zero based)
 Heap Region Size: 4M
 Heap Min Capacity: 8M
 Heap Initial Capacity: 500M
 Heap Max Capacity: 7968M
 Pre-touch: Disabled
 Parallel Workers: 13
 Concurrent Workers: 3
 Concurrent Refinement Workers: 13
 Periodic GC: Disabled
Heap:
 garbage-first heap   total 974848K, used 549376K [0x000000060e000000, 0x0000000800000000)
  region size 4096K, 10 young (40960K), 10 survivors (40960K)
 Metaspace       used 78658K, committed 79232K, reserved 1179648K
  class space    used 8794K, committed 9088K, reserved 1048576K
GC Heap History (20 events):
Event: 10.254 GC heap after
{Heap after GC invocations=28 (full 0):
 garbage-first heap   total 352256K, used 184280K [0x000000060e000000, 0x0000000800000000)
  region size 4096K, 4 young (16384K), 4 survivors (16384K)
 Metaspace       used 77625K, committed 78272K, reserved 1179648K
  class space    used 8688K, committed 9024K, reserved 1048576K
}
Event: 10.391 GC heap before
{Heap before GC invocations=29 (full 0):
 garbage-first heap   total 417792K, used 274392K [0x000000060e000000, 0x0000000800000000)
  region size 4096K, 26 young (106496K), 4 survivors (16384K)
 Metaspace       used 77655K, committed 78272K, reserved 1179648K
  class space    used 8690K, committed 9024K, reserved 1048576K
}
Event: 10.394 GC heap after
{Heap after GC invocations=30 (full 0):
 garbage-first heap   total 417792K, used 192779K [0x000000060e000000, 0x0000000800000000)
  region size 4096K, 3 young (12288K), 3 survivors (12288K)
 Metaspace       used 77655K, committed 78272K, reserved 1179648K
  class space    used 8690K, committed 9024K, reserved 1048576K
}
Event: 10.852 GC heap before
{Heap before GC invocations=30 (full 0):
 garbage-first heap   total 417792K, used 323851K [0x000000060e000000, 0x0000000800000000)
  region size 4096K, 35 young (143360K), 3 survivors (12288K)
 Metaspace       used 78438K, committed 79040K, reserved 1179648K
  class space    used 8779K, committed 9088K, reserved 1048576K
}
Event: 10.857 GC heap after
{Heap after GC invocations=31 (full 0):
 garbage-first heap   total 417792K, used 210332K [0x000000060e000000, 0x0000000800000000)
  region size 4096K, 5 young (20480K), 5 survivors (20480K)
 Metaspace       used 78438K, committed 79040K, reserved 1179648K
  class space    used 8779K, committed 9088K, reserved 1048576K
}
Event: 10.984 GC heap before
{Heap before GC invocations=31 (full 0):
 garbage-first heap   total 417792K, used 325020K [0x000000060e000000, 0x0000000800000000)
  region size 4096K, 33 young (135168K), 5 survivors (20480K)
 Metaspace       used 78479K, committed 79104K, reserved 1179648K
  class space    used 8784K, committed 9088K, reserved 1048576K
}
Event: 10.990 GC heap after
{Heap after GC invocations=32 (full 0):
 garbage-first heap   total 417792K, used 224375K [0x000000060e000000, 0x0000000800000000)
  region size 4096K, 4 young (16384K), 4 survivors (16384K)
 Metaspace       used 78479K, committed 79104K, reserved 1179648K
  class space    used 8784K, committed 9088K, reserved 1048576K
}
Event: 11.164 GC heap before
{Heap before GC invocations=33 (full 0):
 garbage-first heap   total 487424K, used 330871K [0x000000060e000000, 0x0000000800000000)
  region size 4096K, 30 young (122880K), 4 survivors (16384K)
 Metaspace       used 78504K, committed 79104K, reserved 1179648K
  class space    used 8784K, committed 9088K, reserved 1048576K
}
Event: 11.169 GC heap after
{Heap after GC invocations=34 (full 0):
 garbage-first heap   total 487424K, used 241425K [0x000000060e000000, 0x0000000800000000)
  region size 4096K, 4 young (16384K), 4 survivors (16384K)
 Metaspace       used 78504K, committed 79104K, reserved 1179648K
  class space    used 8784K, committed 9088K, reserved 1048576K
}
Event: 11.174 GC heap before
{Heap before GC invocations=34 (full 0):
 garbage-first heap   total 487424K, used 245521K [0x000000060e000000, 0x0000000800000000)
  region size 4096K, 5 young (20480K), 4 survivors (16384K)
 Metaspace       used 78504K, committed 79104K, reserved 1179648K
  class space    used 8784K, committed 9088K, reserved 1048576K
}
Event: 11.178 GC heap after
{Heap after GC invocations=35 (full 0):
 garbage-first heap   total 974848K, used 245094K [0x000000060e000000, 0x0000000800000000)
  region size 4096K, 1 young (4096K), 1 survivors (4096K)
 Metaspace       used 78504K, committed 79104K, reserved 1179648K
  class space    used 8784K, committed 9088K, reserved 1048576K
}
Event: 12.489 GC heap before
{Heap before GC invocations=35 (full 0):
 garbage-first heap   total 974848K, used 724326K [0x000000060e000000, 0x0000000800000000)
  region size 4096K, 118 young (483328K), 1 survivors (4096K)
 Metaspace       used 78574K, committed 79168K, reserved 1179648K
  class space    used 8788K, committed 9088K, reserved 1048576K
}
Event: 12.509 GC heap after
{Heap after GC invocations=36 (full 0):
 garbage-first heap   total 974848K, used 334764K [0x000000060e000000, 0x0000000800000000)
  region size 4096K, 15 young (61440K), 15 survivors (61440K)
 Metaspace       used 78574K, committed 79168K, reserved 1179648K
  class space    used 8788K, committed 9088K, reserved 1048576K
}
Event: 13.052 GC heap before
{Heap before GC invocations=36 (full 0):
 garbage-first heap   total 974848K, used 666540K [0x000000060e000000, 0x0000000800000000)
  region size 4096K, 96 young (393216K), 15 survivors (61440K)
 Metaspace       used 78635K, committed 79232K, reserved 1179648K
  class space    used 8791K, committed 9088K, reserved 1048576K
}
Event: 13.074 GC heap after
{Heap after GC invocations=37 (full 0):
 garbage-first heap   total 974848K, used 396067K [0x000000060e000000, 0x0000000800000000)
  region size 4096K, 12 young (49152K), 12 survivors (49152K)
 Metaspace       used 78635K, committed 79232K, reserved 1179648K
  class space    used 8791K, committed 9088K, reserved 1048576K
}
Event: 13.350 GC heap before
{Heap before GC invocations=37 (full 0):
 garbage-first heap   total 974848K, used 699171K [0x000000060e000000, 0x0000000800000000)
  region size 4096K, 86 young (352256K), 12 survivors (49152K)
 Metaspace       used 78650K, committed 79232K, reserved 1179648K
  class space    used 8793K, committed 9088K, reserved 1048576K
}
Event: 13.366 GC heap after
{Heap after GC invocations=38 (full 0):
 garbage-first heap   total 974848K, used 448281K [0x000000060e000000, 0x0000000800000000)
  region size 4096K, 11 young (45056K), 11 survivors (45056K)
 Metaspace       used 78650K, committed 79232K, reserved 1179648K
  class space    used 8793K, committed 9088K, reserved 1048576K
}
Event: 13.823 GC heap before
{Heap before GC invocations=38 (full 0):
 garbage-first heap   total 974848K, used 735001K [0x000000060e000000, 0x0000000800000000)
  region size 4096K, 81 young (331776K), 11 survivors (45056K)
 Metaspace       used 78653K, committed 79232K, reserved 1179648K
  class space    used 8793K, committed 9088K, reserved 1048576K
}
Event: 13.839 GC heap after
{Heap after GC invocations=39 (full 0):
 garbage-first heap   total 974848K, used 499712K [0x000000060e000000, 0x0000000800000000)
  region size 4096K, 11 young (45056K), 11 survivors (45056K)
 Metaspace       used 78653K, committed 79232K, reserved 1179648K
  class space    used 8793K, committed 9088K, reserved 1048576K
}
Event: 14.173 GC heap before
{Heap before GC invocations=39 (full 0):
 garbage-first heap   total 974848K, used 761856K [0x000000060e000000, 0x0000000800000000)
  region size 4096K, 75 young (307200K), 11 survivors (45056K)
 Metaspace       used 78658K, committed 79232K, reserved 1179648K
  class space    used 8794K, committed 9088K, reserved 1048576K
}

