# JRE version: OpenJDK Runtime Environment Temurin-17.0.15+6 (17.0.15+6) (build 17.0.15+6)
# Java VM: OpenJDK 64-Bit Server VM Temurin-17.0.15+6 (17.0.15+6, mixed mode, sharing, tiered, compressed oops, compressed class ptrs, g1 gc, windows-amd64)
GC Precious Log:
 CPUs: 16 total, 16 available
 Memory: 31861M
 Large Page Support: Disabled
 NUMA Support: Disabled
 Compressed Oops: Enabled (Zero based)
 Heap Region Size: 4M
 Heap Min Capacity: 8M
 Heap Initial Capacity: 500M
 Heap Max Capacity: 7968M
 Pre-touch: Disabled
 Parallel Workers: 13
 Concurrent Workers: 3
 Concurrent Refinement Workers: 13
 Periodic GC: Disabled
Heap:
 garbage-first heap   total 1040384K, used 587179K [0x000000060e000000, 0x0000000800000000)
  region size 4096K, 10 young (40960K), 10 survivors (40960K)
 Metaspace       used 78657K, committed 79232K, reserved 1179648K
  class space    used 8793K, committed 9088K, reserved 1048576K
GC Heap History (20 events):
Event: 9.038 GC heap after
{Heap after GC invocations=47 (full 0):
 garbage-first heap   total 425984K, used 203617K [0x000000060e000000, 0x0000000800000000)
  region size 4096K, 4 young (16384K), 4 survivors (16384K)
 Metaspace       used 78333K, committed 78912K, reserved 1179648K
  class space    used 8779K, committed 9088K, reserved 1048576K
}
Event: 9.237 GC heap before
{Heap before GC invocations=47 (full 0):
 garbage-first heap   total 425984K, used 322401K [0x000000060e000000, 0x0000000800000000)
  region size 4096K, 34 young (139264K), 4 survivors (16384K)
 Metaspace       used 78418K, committed 79040K, reserved 1179648K
  class space    used 8784K, committed 9088K, reserved 1048576K
}
Event: 9.242 GC heap after
{Heap after GC invocations=48 (full 0):
 garbage-first heap   total 425984K, used 219963K [0x000000060e000000, 0x0000000800000000)
  region size 4096K, 4 young (16384K), 4 survivors (16384K)
 Metaspace       used 78418K, committed 79040K, reserved 1179648K
  class space    used 8784K, committed 9088K, reserved 1048576K
}
Event: 9.345 GC heap before
{Heap before GC invocations=48 (full 0):
 garbage-first heap   total 425984K, used 334651K [0x000000060e000000, 0x0000000800000000)
  region size 4096K, 32 young (131072K), 4 survivors (16384K)
 Metaspace       used 78446K, committed 79040K, reserved 1179648K
  class space    used 8784K, committed 9088K, reserved 1048576K
}
Event: 9.350 GC heap after
{Heap after GC invocations=49 (full 0):
 garbage-first heap   total 425984K, used 236165K [0x000000060e000000, 0x0000000800000000)
  region size 4096K, 4 young (16384K), 4 survivors (16384K)
 Metaspace       used 78446K, committed 79040K, reserved 1179648K
  class space    used 8784K, committed 9088K, reserved 1048576K
}
Event: 9.507 GC heap before
{Heap before GC invocations=50 (full 0):
 garbage-first heap   total 520192K, used 342661K [0x000000060e000000, 0x0000000800000000)
  region size 4096K, 30 young (122880K), 4 survivors (16384K)
 Metaspace       used 78450K, committed 79040K, reserved 1179648K
  class space    used 8784K, committed 9088K, reserved 1048576K
}
Event: 9.513 GC heap after
{Heap after GC invocations=51 (full 0):
 garbage-first heap   total 520192K, used 254182K [0x000000060e000000, 0x0000000800000000)
  region size 4096K, 4 young (16384K), 4 survivors (16384K)
 Metaspace       used 78450K, committed 79040K, reserved 1179648K
  class space    used 8784K, committed 9088K, reserved 1048576K
}
Event: 9.791 GC heap before
{Heap before GC invocations=51 (full 0):
 garbage-first heap   total 520192K, used 405734K [0x000000060e000000, 0x0000000800000000)
  region size 4096K, 41 young (167936K), 4 survivors (16384K)
 Metaspace       used 78469K, committed 79104K, reserved 1179648K
  class space    used 8784K, committed 9088K, reserved 1048576K
}
Event: 9.801 GC heap after
{Heap after GC invocations=52 (full 0):
 garbage-first heap   total 1040384K, used 284147K [0x000000060e000000, 0x0000000800000000)
  region size 4096K, 6 young (24576K), 6 survivors (24576K)
 Metaspace       used 78469K, committed 79104K, reserved 1179648K
  class space    used 8784K, committed 9088K, reserved 1048576K
}
Event: 11.167 GC heap before
{Heap before GC invocations=53 (full 0):
 garbage-first heap   total 1024000K, used 759283K [0x000000060e000000, 0x0000000800000000)
  region size 4096K, 122 young (499712K), 6 survivors (24576K)
 Metaspace       used 78573K, committed 79168K, reserved 1179648K
  class space    used 8791K, committed 9088K, reserved 1048576K
}
Event: 11.190 GC heap after
{Heap after GC invocations=54 (full 0):
 garbage-first heap   total 1024000K, used 376276K [0x000000060e000000, 0x0000000800000000)
  region size 4096K, 16 young (65536K), 16 survivors (65536K)
 Metaspace       used 78573K, committed 79168K, reserved 1179648K
  class space    used 8791K, committed 9088K, reserved 1048576K
}
Event: 11.195 GC heap before
{Heap before GC invocations=54 (full 0):
 garbage-first heap   total 1024000K, used 380372K [0x000000060e000000, 0x0000000800000000)
  region size 4096K, 17 young (69632K), 16 survivors (65536K)
 Metaspace       used 78573K, committed 79168K, reserved 1179648K
  class space    used 8791K, committed 9088K, reserved 1048576K
}
Event: 11.206 GC heap after
{Heap after GC invocations=55 (full 0):
 garbage-first heap   total 1024000K, used 386952K [0x000000060e000000, 0x0000000800000000)
  region size 4096K, 2 young (8192K), 2 survivors (8192K)
 Metaspace       used 78573K, committed 79168K, reserved 1179648K
  class space    used 8791K, committed 9088K, reserved 1048576K
}
Event: 11.428 GC heap before
{Heap before GC invocations=55 (full 0):
 garbage-first heap   total 1024000K, used 710536K [0x000000060e000000, 0x0000000800000000)
  region size 4096K, 81 young (331776K), 2 survivors (8192K)
 Metaspace       used 78587K, committed 79168K, reserved 1179648K
  class space    used 8793K, committed 9088K, reserved 1048576K
}
Event: 11.440 GC heap after
{Heap after GC invocations=56 (full 0):
 garbage-first heap   total 1024000K, used 435094K [0x000000060e000000, 0x0000000800000000)
  region size 4096K, 11 young (45056K), 11 survivors (45056K)
 Metaspace       used 78587K, committed 79168K, reserved 1179648K
  class space    used 8793K, committed 9088K, reserved 1048576K
}
Event: 11.741 GC heap before
{Heap before GC invocations=56 (full 0):
 garbage-first heap   total 1024000K, used 742294K [0x000000060e000000, 0x0000000800000000)
  region size 4096K, 86 young (352256K), 11 survivors (45056K)
 Metaspace       used 78593K, committed 79168K, reserved 1179648K
  class space    used 8793K, committed 9088K, reserved 1048576K
}
Event: 11.758 GC heap after
{Heap after GC invocations=57 (full 0):
 garbage-first heap   total 1024000K, used 485777K [0x000000060e000000, 0x0000000800000000)
  region size 4096K, 11 young (45056K), 11 survivors (45056K)
 Metaspace       used 78593K, committed 79168K, reserved 1179648K
  class space    used 8793K, committed 9088K, reserved 1048576K
}
Event: 12.024 GC heap before
{Heap before GC invocations=57 (full 0):
 garbage-first heap   total 1024000K, used 776593K [0x000000060e000000, 0x0000000800000000)
  region size 4096K, 82 young (335872K), 11 survivors (45056K)
 Metaspace       used 78596K, committed 79168K, reserved 1179648K
  class space    used 8793K, committed 9088K, reserved 1048576K
}
Event: 12.040 GC heap after
{Heap after GC invocations=58 (full 0):
 garbage-first heap   total 1024000K, used 540145K [0x000000060e000000, 0x0000000800000000)
  region size 4096K, 11 young (45056K), 11 survivors (45056K)
 Metaspace       used 78596K, committed 79168K, reserved 1179648K
  class space    used 8793K, committed 9088K, reserved 1048576K
}
Event: 12.645 GC heap before
{Heap before GC invocations=58 (full 0):
 garbage-first heap   total 1024000K, used 802289K [0x000000060e000000, 0x0000000800000000)
  region size 4096K, 75 young (307200K), 11 survivors (45056K)
 Metaspace       used 78657K, committed 79232K, reserved 1179648K
  class space    used 8793K, committed 9088K, reserved 1048576K
}

