# JRE version: OpenJDK Runtime Environment Temurin-17.0.15+6 (17.0.15+6) (build 17.0.15+6)
# Java VM: OpenJDK 64-Bit Server VM Temurin-17.0.15+6 (17.0.15+6, mixed mode, sharing, tiered, compressed oops, compressed class ptrs, g1 gc, windows-amd64)
GC Precious Log:
 CPUs: 16 total, 16 available
 Memory: 31861M
 Large Page Support: Disabled
 NUMA Support: Disabled
 Compressed Oops: Enabled (Zero based)
 Heap Region Size: 4M
 Heap Min Capacity: 8M
 Heap Initial Capacity: 500M
 Heap Max Capacity: 7968M
 Pre-touch: Disabled
 Parallel Workers: 13
 Concurrent Workers: 3
 Concurrent Refinement Workers: 13
 Periodic GC: Disabled
Heap:
 garbage-first heap   total 1064960K, used 550119K [0x000000060e000000, 0x0000000800000000)
  region size 4096K, 11 young (45056K), 11 survivors (45056K)
 Metaspace       used 78689K, committed 79232K, reserved 1179648K
  class space    used 8794K, committed 9088K, reserved 1048576K
GC Heap History (20 events):
Event: 10.309 GC heap after
{Heap after GC invocations=49 (full 0):
 garbage-first heap   total 376832K, used 205833K [0x000000060e000000, 0x0000000800000000)
  region size 4096K, 4 young (16384K), 4 survivors (16384K)
 Metaspace       used 78393K, committed 78976K, reserved 1179648K
  class space    used 8775K, committed 9088K, reserved 1048576K
}
Event: 10.473 GC heap before
{Heap before GC invocations=49 (full 0):
 garbage-first heap   total 376832K, used 295945K [0x000000060e000000, 0x0000000800000000)
  region size 4096K, 26 young (106496K), 4 survivors (16384K)
 Metaspace       used 78444K, committed 79040K, reserved 1179648K
  class space    used 8779K, committed 9088K, reserved 1048576K
}
Event: 10.478 GC heap after
{Heap after GC invocations=50 (full 0):
 garbage-first heap   total 376832K, used 216973K [0x000000060e000000, 0x0000000800000000)
  region size 4096K, 3 young (12288K), 3 survivors (12288K)
 Metaspace       used 78444K, committed 79040K, reserved 1179648K
  class space    used 8779K, committed 9088K, reserved 1048576K
}
Event: 10.659 GC heap before
{Heap before GC invocations=51 (full 0):
 garbage-first heap   total 466944K, used 298893K [0x000000060e000000, 0x0000000800000000)
  region size 4096K, 23 young (94208K), 3 survivors (12288K)
 Metaspace       used 78471K, committed 79104K, reserved 1179648K
  class space    used 8779K, committed 9088K, reserved 1048576K
}
Event: 10.663 GC heap after
{Heap after GC invocations=52 (full 0):
 garbage-first heap   total 466944K, used 227531K [0x000000060e000000, 0x0000000800000000)
  region size 4096K, 3 young (12288K), 3 survivors (12288K)
 Metaspace       used 78471K, committed 79104K, reserved 1179648K
  class space    used 8779K, committed 9088K, reserved 1048576K
}
Event: 10.854 GC heap before
{Heap before GC invocations=52 (full 0):
 garbage-first heap   total 466944K, used 370891K [0x000000060e000000, 0x0000000800000000)
  region size 4096K, 38 young (155648K), 3 survivors (12288K)
 Metaspace       used 78476K, committed 79104K, reserved 1179648K
  class space    used 8779K, committed 9088K, reserved 1048576K
}
Event: 10.861 GC heap after
{Heap after GC invocations=53 (full 0):
 garbage-first heap   total 466944K, used 250681K [0x000000060e000000, 0x0000000800000000)
  region size 4096K, 5 young (20480K), 5 survivors (20480K)
 Metaspace       used 78476K, committed 79104K, reserved 1179648K
  class space    used 8779K, committed 9088K, reserved 1048576K
}
Event: 11.056 GC heap before
{Heap before GC invocations=54 (full 0):
 garbage-first heap   total 532480K, used 369465K [0x000000060e000000, 0x0000000800000000)
  region size 4096K, 34 young (139264K), 5 survivors (20480K)
 Metaspace       used 78484K, committed 79104K, reserved 1179648K
  class space    used 8779K, committed 9088K, reserved 1048576K
}
Event: 11.065 GC heap after
{Heap after GC invocations=55 (full 0):
 garbage-first heap   total 532480K, used 273588K [0x000000060e000000, 0x0000000800000000)
  region size 4096K, 5 young (20480K), 5 survivors (20480K)
 Metaspace       used 78484K, committed 79104K, reserved 1179648K
  class space    used 8779K, committed 9088K, reserved 1048576K
}
Event: 11.576 GC heap before
{Heap before GC invocations=55 (full 0):
 garbage-first heap   total 532480K, used 412852K [0x000000060e000000, 0x0000000800000000)
  region size 4096K, 39 young (159744K), 5 survivors (20480K)
 Metaspace       used 78490K, committed 79104K, reserved 1179648K
  class space    used 8779K, committed 9088K, reserved 1048576K
}
Event: 11.587 GC heap after
{Heap after GC invocations=56 (full 0):
 garbage-first heap   total 1064960K, used 302842K [0x000000060e000000, 0x0000000800000000)
  region size 4096K, 5 young (20480K), 5 survivors (20480K)
 Metaspace       used 78490K, committed 79104K, reserved 1179648K
  class space    used 8779K, committed 9088K, reserved 1048576K
}
Event: 12.655 GC heap before
{Heap before GC invocations=57 (full 0):
 garbage-first heap   total 1064960K, used 728826K [0x000000060e000000, 0x0000000800000000)
  region size 4096K, 109 young (446464K), 5 survivors (20480K)
 Metaspace       used 78653K, committed 79232K, reserved 1179648K
  class space    used 8791K, committed 9088K, reserved 1048576K
}
Event: 12.676 GC heap after
{Heap after GC invocations=58 (full 0):
 garbage-first heap   total 1064960K, used 382089K [0x000000060e000000, 0x0000000800000000)
  region size 4096K, 14 young (57344K), 14 survivors (57344K)
 Metaspace       used 78653K, committed 79232K, reserved 1179648K
  class space    used 8791K, committed 9088K, reserved 1048576K
}
Event: 12.682 GC heap before
{Heap before GC invocations=58 (full 0):
 garbage-first heap   total 1064960K, used 386185K [0x000000060e000000, 0x0000000800000000)
  region size 4096K, 15 young (61440K), 14 survivors (57344K)
 Metaspace       used 78653K, committed 79232K, reserved 1179648K
  class space    used 8791K, committed 9088K, reserved 1048576K
}
Event: 12.692 GC heap after
{Heap after GC invocations=59 (full 0):
 garbage-first heap   total 1064960K, used 392444K [0x000000060e000000, 0x0000000800000000)
  region size 4096K, 2 young (8192K), 2 survivors (8192K)
 Metaspace       used 78653K, committed 79232K, reserved 1179648K
  class space    used 8791K, committed 9088K, reserved 1048576K
}
Event: 13.040 GC heap before
{Heap before GC invocations=59 (full 0):
 garbage-first heap   total 1064960K, used 724220K [0x000000060e000000, 0x0000000800000000)
  region size 4096K, 83 young (339968K), 2 survivors (8192K)
 Metaspace       used 78672K, committed 79232K, reserved 1179648K
  class space    used 8793K, committed 9088K, reserved 1048576K
}
Event: 13.053 GC heap after
{Heap after GC invocations=60 (full 0):
 garbage-first heap   total 1064960K, used 439103K [0x000000060e000000, 0x0000000800000000)
  region size 4096K, 11 young (45056K), 11 survivors (45056K)
 Metaspace       used 78672K, committed 79232K, reserved 1179648K
  class space    used 8793K, committed 9088K, reserved 1048576K
}
Event: 13.551 GC heap before
{Heap before GC invocations=60 (full 0):
 garbage-first heap   total 1064960K, used 762687K [0x000000060e000000, 0x0000000800000000)
  region size 4096K, 90 young (368640K), 11 survivors (45056K)
 Metaspace       used 78675K, committed 79232K, reserved 1179648K
  class space    used 8793K, committed 9088K, reserved 1048576K
}
Event: 13.570 GC heap after
{Heap after GC invocations=61 (full 0):
 garbage-first heap   total 1064960K, used 494557K [0x000000060e000000, 0x0000000800000000)
  region size 4096K, 12 young (49152K), 12 survivors (49152K)
 Metaspace       used 78675K, committed 79232K, reserved 1179648K
  class space    used 8793K, committed 9088K, reserved 1048576K
}
Event: 14.094 GC heap before
{Heap before GC invocations=61 (full 0):
 garbage-first heap   total 1064960K, used 797661K [0x000000060e000000, 0x0000000800000000)
  region size 4096K, 86 young (352256K), 12 survivors (49152K)
 Metaspace       used 78689K, committed 79232K, reserved 1179648K
  class space    used 8794K, committed 9088K, reserved 1048576K
}

